STEP: find_empty_functions
DESC: Find potentially empty function implementations

OUTPUT:
Command: find . -name '*.rs' -exec grep -A 3 -B 1 'fn.*{$' {} \; | grep -B 1 -A 3 '}$' || true
Return code: 0
Output:
            tasks: HashMap::new(),
        }
--

    pub fn add_task(&mut self, task: TaskNode) {
        self.tasks.insert(task.id.clone(), task);
    }

    pub fn resolve_order(&self) -> Result<Vec<String>, String> {
        let mut in_degree = HashMap::new();
--
        self.vars.get(key).cloned()
    }

    pub fn set(&mut self, key: &str, value: &str) {
        self.vars.insert(key.to_string(), value.to_string());
    }

    pub fn record(&mut self, entry: &str) {
        self.history.push(entry.to_string());
    }

    pub fn summarize(&self) -> Result<String, RustChainError> {
        Ok(self.history.join("\n"))
    }
}

pub fn run_mission(mission: &MissionFile) -> Result<(), RustChainError> {
    for task in &mission.tasks {
--
    pub fn new() -> Self {
        Self { tools: HashMap::new() }
    }

    pub fn register(&mut self, tool: Box<dyn PluginTool>) {
        self.tools.insert(tool.name().to_string(), tool);
    }

    pub fn list(&self) -> Vec<String> {
        self.tools.keys().cloned().collect()
    }

    pub fn get(&self, name: &str) -> Option<&Box<dyn PluginTool>> {
        self.tools.get(name)
    }

    pub fn tools_by_capability(&self, cap: ToolCapability) -> Vec<&Box<dyn PluginTool>> {
        self.tools
--
        panic!("Invariant violated: history too long");
    }
--

pub fn register_runtime_invariants() {
    println!("[Invariant] Default invariants registered");
}

pub fn run_replay_test(case_path: &str) -> Result<(), RustChainError> {
    let contents = fs::read_to_string(case_path)?;
--
    pub fn new() -> Self {
        Self { vars: std::collections::HashMap::new() }
    }

    pub fn set(&mut self, key: &str, value: &str) {
        self.vars.insert(key.to_string(), value.to_string());
    }

    pub fn get(&self, key: &str) -> Option<String> {
        self.vars.get(key).cloned()
    }
}
--
impl SequentialChain {
    pub fn new() -> Self {
        Self { steps: Vec::new() }
    }

    pub fn add(&mut self, step: Box<dyn ChainNode>) {
        self.steps.push(step);
    }

    pub async fn run(&mut self, context: &mut ChainContext) -> Result<(), RustChainError> {
        for step in &self.steps {
            step.run(context).await?;
        }
impl DefaultModelManager {
    pub fn new() -> Self {
        Self { models: HashMap::new() }
    }
}
--
impl ModelManager for DefaultModelManager {
    async fn get_model(&self, name: &str) -> Option<Arc<dyn LLMBackend>> {
        self.models.get(name).cloned()
    }

    async fn register_model(&mut self, name: String, model: Arc<dyn LLMBackend>) {
        self.models.insert(name, model);
    }
}
impl ToolRegistry {
    pub fn new() -> Self {
        Self { tools: HashMap::new() }
    }

    pub fn register(&mut self, tool: Box<dyn Tool>) {
        self.tools.insert(tool.name().to_string(), tool);
    }

    pub fn get(&self, name: &str) -> Option<&Box<dyn Tool>> {
        self.tools.get(name)
    }

    pub fn list(&self) -> Vec<String> {
        self.tools.keys().cloned().collect()
    }

    pub fn tools_by_capability(&self, cap: ToolCapability) -> Vec<&Box<dyn Tool>> {
        self.tools
--
        Ok(())
    }

    fn retrieve(&self, key: &str) -> Result<Option<String>, RustChainError> {
        if let Some((val, timestamp)) = self.data.get(key) {
--
        Ok(())
    }

    fn summarize(&self) -> Result<String, RustChainError> {
        let summary = self.data
--
        Ok(self.data.keys().cloned().collect())
    }
}
impl From<anyhow::Error> for RustChainError {
    fn from(e: anyhow::Error) -> Self {
        RustChainError::Unknown(e.to_string())
    }
}
--
impl From<String> for RustChainError {
    fn from(e: String) -> Self {
        RustChainError::Unknown(e)
    }
}
--
impl From<&str> for RustChainError {
    fn from(e: &str) -> Self {
        RustChainError::Unknown(e.to_string())
    }
}

pub fn load_config(config: RustChainConfig) {
    let mut global = CONFIG.lock().unwrap();
    *global = Some(config);
}

pub fn get_config() -> Result<RustChainConfig, RustChainError> {
    let global = CONFIG.lock().unwrap();
    global.clone().ok_or_else(|| RustChainError::Config("Config not loaded".into()))
}

pub fn scan_mission_files(paths: &[&str]) -> Result<(), RustChainError> {
    let mut file_map: HashMap<String, Vec<String>> = HashMap::new();
--
    pub fn new(config: SandboxConfig) -> Self {
        Self { config }
    }

    pub fn validate_access(&self, path: &Path) -> bool {
        self.config.allowed_paths.iter().any(|p| path.starts_with(p))
    }

    pub fn enforce_limits(&self) {
        // Placeholder: integrate with system resources or watchdogs
--
    rustchain::cli::main();
}
---

pub fn main() {
--
        self.active.insert(name.to_string(), Instant::now());
    }

    pub fn end(&mut self, name: &str) {
        if let Some(start) = self.active.remove(name) {
--
    pub fn new() -> Self {
        Self { logs: HashMap::new() }
    }

    pub fn record(&mut self, agent_id: &str, log: ActionLog) {
        self.logs.entry(agent_id.to_string()).or_default().push(log);
    }

    pub fn get_last(&self, agent_id: &str) -> Option<ActionLog> {
        self.logs.get(agent_id).and_then(|v| v.last().cloned())
    }
}
--
impl RuntimeContext {
    pub fn new() -> Self {
--
        "reflect".into()
    }

    async fn call(&self, input: &str) -> String {
        let ctx: RuntimeContext = todo!("Inject runtime context");
--
        let mut linker = Linker::new(&engine);
        Self { engine, linker }
--

    pub fn execute(&self, wasm_bytes: &[u8], input: &str) -> Result<String> {
--
        "wasm_tool".into()
    }

    async fn call(&self, input: &str) -> String {
        match self.executor.execute(&self.wasm_bytes, input) {
--
    pub fn new() -> Self {
        Self { sources: vec![] }
    }

    pub fn add_source(&mut self, source: Arc<dyn Retriever>) {
        self.sources.push(source);
    }

    pub async fn query(&self, query: &str) -> Vec<String> {
        let mut results = vec![];
--
        "sandbox".into()
    }

    async fn call(&self, input: &str) -> String {
        match Sandbox::run_code(input, 1000).await {
--
    pub fn new(max_len: usize) -> Self {
        Self { max_len }
    }
}
--
impl PromptOptimizer for BasicOptimizer {
    fn optimize(&self, input: &str) -> String {
--
        println!("[telemetry] {:?}", event);
    }
}
--
impl RuntimeContext {
    pub fn new() -> Self {
--
        self.allow_tools.contains(&name.to_string())
    }
}
--
impl RuntimeContext {
    pub fn new() -> Self {
--
        self.models.get(name).cloned()
    }

    async fn register_model(&mut self, name: String, model: Arc<dyn LLMBackend>, metadata: ModelMetadata) {
        self.models.insert(name.clone(), model);
        self.metadata.insert(name, metadata);
    }

    async fn list_models(&self) -> Vec<ModelMetadata> {
        self.metadata.values().cloned().collect()
    }

    async fn activate(&mut self, name: &str) {
        for meta in self.metadata.values_mut() {
            meta.active = false;
        }
impl PluginRegistry {
    pub fn new() -> Self {
        Self {
            plugins: HashMap::new(),
        }
--

    pub fn register(&mut self, descriptor: PluginDescriptor) {
        self.plugins.insert(descriptor.id.clone(), descriptor);
    }

    pub fn list(&self) -> Vec<PluginDescriptor> {
        self.plugins.values().cloned().collect()
    }

    pub fn get(&self, id: &str) -> Option<PluginDescriptor> {
        self.plugins.get(id).cloned()
    }
}
--
impl RuntimeContext {
    pub fn new() -> Self {
--
    pub fn new() -> Self {
        Self { entries: vec![] }
    }

    pub fn record(&mut self, agent_id: &str, error_type: &str, message: &str) {
        let prev_hash = self.entries.last().map(|e| &e.hash).cloned().unwrap_or_default();
--
    registry.get(name).cloned()
}
impl RBACManager {
    pub fn new() -> Self {
        Self {
--
        self.agent_roles.insert(agent_id.to_string(), role_name.to_string());
    }

    pub fn define_role(&mut self, role: Role) {
        self.roles.insert(role.name.clone(), role);
    }

    pub fn is_allowed(&self, agent_id: &str, tool: &str) -> bool {
        if let Some(role_name) = self.agent_roles.get(agent_id) {
--
    Json(StatusResponse { status: "started".into() })
}

async fn get_status() -> Json<StatusResponse> {
    Json(StatusResponse { status: "ok".into() })
}

pub async fn serve_api() {
    let app = Router::new()
--
        self.name.clone()
    }

    async fn call(&self, input: &str) -> String {
        if input == self.expected_input {
--
        Ok(format!("[mocked] {}", prompt))
    }
}
impl Migrator {
    pub fn new() -> Self {
        Self { tasks: vec![] }
    }

    pub fn register(&mut self, task: MigrationTask) {
        self.tasks.push(task);
    }

    pub fn apply(&self, input: Value, version: &str) -> Value {
        self.tasks.iter()


ERROR:

